<?xml version="1.0" encoding="UTF-8"?>
<!-- Generated by org.testng.reporters.JUnitReportReporter -->
<testsuite skipped="0" hostname="DESKTOP-SFC0TF7" name="pkg1.LoginTest" tests="2" failures="0" timestamp="04 Oct 2020 07:03:28 GMT" time="20.287" errors="0">
  <testcase name="setUp2" time="12.581" classname="pkg1.LoginTest"/>
  <testcase name="setUp1" time="7.706" classname="pkg1.LoginTest"/>
</testsuite> <!-- pkg1.LoginTest -->
